<?xml version="1.0" encoding="UTF-8"?>
<!-- Generated by org.testng.reporters.JUnitXMLReporter -->
<testsuite ignored="1" hostname="LAPTOP-CGVQ69C5" failures="0" tests="5" name="Test" time="36.843" errors="0" timestamp="2022-06-16T08:31:55 IST">
  <testcase classname="testngtest.titleVerfication" name="titlecheck" time="0.05"/>
  <testcase classname="testngtest.titleVerfication" name="urlcheck" time="0.029"/>
  <testcase classname="testngtest.TextVerify" name="CheckText" time="10.796"/>
  <testcase classname="testngtest.TextVerify" name="CheckText" time="10.023"/>
  <testcase classname="testngtest.TextVerify" name="CheckText" time="9.985"/>
  <testcase classname="testngtest.TextVerify" name="add" time="0.0">
    <ignored/>
  </testcase> <!-- add -->
</testsuite> <!-- Test -->
